#
# A fatal error has been detected by the Java Runtime Environment:
#
#  EXCEPTION_ACCESS_VIOLATION (0xc0000005) at pc=0x000000005b3bbec1, pid=10036, tid=6660
#
# JRE version: Java(TM) SE Runtime Environment (8.0_11-b12) (build 1.8.0_11-b12)
# Java VM: Java HotSpot(TM) 64-Bit Server VM (25.11-b03 mixed mode windows-amd64 compressed oops)
# Problematic frame:
# V  [jvm.dll+0x4dbec1]
#
# Failed to write core dump. Minidumps are not enabled by default on client versions of Windows
#
# If you would like to submit a bug report, please visit:
#   http://bugreport.sun.com/bugreport/crash.jsp
#

---------------  T H R E A D  ---------------

Current thread (0x0000000056336000):  JavaThread "C2 CompilerThread0" daemon [_thread_in_native, id=6660, stack(0x0000000055e90000,0x0000000055f90000)]

siginfo: ExceptionCode=0xc0000005, reading address 0x0000000400000000

Registers:
RAX=0x000000005c0365f8, RBX=0x0000000000000012, RCX=0x0000000059b92360, RDX=0x000000005c58dab0
RSP=0x0000000055f8c220, RBP=0x0000000055f8c320, RSI=0x0000000055f8ec70, RDI=0x000000005c0365a8
R8 =0x000000000000440e, R9 =0x0000000059b934b0, R10=0x0000000000000020, R11=0x0000000000000358
R12=0x0000000000000011, R13=0x0000000000000001, R14=0x0000000000000000, R15=0x0000000400000000
RIP=0x000000005b3bbec1, EFLAGS=0x0000000000010287

Top of Stack: (sp=0x0000000055f8c220)
0x0000000055f8c220:   00000000588c7d90 0000000059b6e3a8
0x0000000055f8c230:   0000000059b6e3a8 0000000055f8c320
0x0000000055f8c240:   0000000000001fef 0000000055f8c4a0
0x0000000055f8c250:   0000000000000003 000000005c430290
0x0000000055f8c260:   000000005be8b380 0000000000000001
0x0000000055f8c270:   0000000000000003 0000000059b934b0
0x0000000055f8c280:   0000000000000001 0000000000000001
0x0000000055f8c290:   000000005b9c65ab 000000010000009d
0x0000000055f8c2a0:   0000171800000000 0000000055f8c5e8
0x0000000055f8c2b0:   0000000000060000 0000000058f5feb0
0x0000000055f8c2c0:   000000000000006b 000017180000009d
0x0000000055f8c2d0:   0000000055f8c5e8 0000000000000000
0x0000000055f8c2e0:   00000000564a3a70 0000000000000941
0x0000000055f8c2f0:   000000005b9c63a8 000000005863ebf0
0x0000000055f8c300:   ffffffffa4639fb0 00000000000003d8
0x0000000055f8c310:   000000005863efc8 000000005863ebe0 

Instructions: (pc=0x000000005b3bbec1)
0x000000005b3bbea1:   48 8d 8e 70 01 00 00 41 8d 50 50 e8 6f 18 be ff
0x000000005b3bbeb1:   48 8b f8 eb 07 48 89 86 80 01 00 00 48 89 77 10
0x000000005b3bbec1:   49 8b 07 49 8b cf ff 50 28 4c 8b 6c 24 58 49 8b
0x000000005b3bbed1:   cd 48 8b d8 e8 26 57 f4 ff 48 8b cf 8b 50 18 48 


Register to memory mapping:

RAX=0x000000005c0365f8 is an unknown value
RBX=0x0000000000000012 is an unknown value
RCX=0x0000000059b92360 is an unknown value
RDX=0x000000005c58dab0 is an unknown value
RSP=0x0000000055f8c220 is pointing into the stack for thread: 0x0000000056336000
RBP=0x0000000055f8c320 is pointing into the stack for thread: 0x0000000056336000
RSI=0x0000000055f8ec70 is pointing into the stack for thread: 0x0000000056336000
RDI=0x000000005c0365a8 is an unknown value
R8 =0x000000000000440e is an unknown value
R9 =0x0000000059b934b0 is an unknown value
R10=0x0000000000000020 is an unknown value
R11=0x0000000000000358 is an unknown value
R12=0x0000000000000011 is an unknown value
R13=0x0000000000000001 is an unknown value
R14=0x0000000000000000 is an unknown value
R15=0x0000000400000000 is an unknown value


Stack: [0x0000000055e90000,0x0000000055f90000],  sp=0x0000000055f8c220,  free space=1008k
Native frames: (J=compiled Java code, j=interpreted, Vv=VM code, C=native code)
V  [jvm.dll+0x4dbec1]
V  [jvm.dll+0x4364e1]
V  [jvm.dll+0x44149e]
V  [jvm.dll+0x443a29]
V  [jvm.dll+0x427722]
V  [jvm.dll+0x96982]
V  [jvm.dll+0x97173]
V  [jvm.dll+0x2234b4]
V  [jvm.dll+0x27bcca]
C  [msvcr100.dll+0x21d9f]
C  [msvcr100.dll+0x21e3b]
C  [kernel32.dll+0x159cd]
C  [ntdll.dll+0x2a2e1]


Current CompileTask:
C2:4406509 13061       4       com.sun.org.apache.xerces.internal.impl.XMLNSDocumentScannerImpl::scanStartElement (1020 bytes)


---------------  P R O C E S S  ---------------

Java Threads: ( => current thread )
  0x000000005a6d6800 JavaThread "Stdin handler" [_thread_blocked, id=10080, stack(0x0000000060d00000,0x0000000060e00000)]
  0x000000005a6d4800 JavaThread "Daemon worker Thread 7" [_thread_in_native, id=4984, stack(0x000000005ad90000,0x000000005ae90000)]
  0x000000005a6d5000 JavaThread "Cancel handler" [_thread_blocked, id=2496, stack(0x00000000580e0000,0x00000000581e0000)]
  0x000000005a6d3800 JavaThread "Handler for socket connection from /127.0.0.1:60660 to /127.0.0.1:49901" [_thread_in_native, id=8136, stack(0x0000000057e80000,0x0000000057f80000)]
  0x000000005a6d1800 JavaThread "Daemon Thread 7" [_thread_blocked, id=9280, stack(0x0000000057f80000,0x0000000058080000)]
  0x0000000059aaf000 JavaThread "pool-2-thread-4" [_thread_blocked, id=8544, stack(0x00000000609e0000,0x0000000060ae0000)]
  0x000000005a6d8000 JavaThread "pool-2-thread-3" [_thread_blocked, id=7800, stack(0x00000000608b0000,0x00000000609b0000)]
  0x000000005a6d3000 JavaThread "pool-2-thread-2" [_thread_blocked, id=10136, stack(0x000000005e290000,0x000000005e390000)]
  0x000000005a6d2000 JavaThread "pool-2-thread-1" [_thread_blocked, id=2028, stack(0x000000005c730000,0x000000005c830000)]
  0x0000000059a76800 JavaThread "File lock request listener" [_thread_in_native, id=4212, stack(0x000000005a9f0000,0x000000005aaf0000)]
  0x000000005776b800 JavaThread "Incoming local TCP Connector on port 60660" [_thread_in_native, id=7780, stack(0x0000000056c90000,0x0000000056d90000)]
  0x00000000563a8000 JavaThread "Service Thread" daemon [_thread_blocked, id=9272, stack(0x0000000056fa0000,0x00000000570a0000)]
  0x0000000056343800 JavaThread "C1 CompilerThread2" daemon [_thread_blocked, id=9756, stack(0x0000000056dc0000,0x0000000056ec0000)]
  0x0000000056342000 JavaThread "C2 CompilerThread1" daemon [_thread_in_native, id=1356, stack(0x0000000056b90000,0x0000000056c90000)]
=>0x0000000056336000 JavaThread "C2 CompilerThread0" daemon [_thread_in_native, id=6660, stack(0x0000000055e90000,0x0000000055f90000)]
  0x000000005632a800 JavaThread "Attach Listener" daemon [_thread_blocked, id=9980, stack(0x00000000569a0000,0x0000000056aa0000)]
  0x0000000054dcf000 JavaThread "Signal Dispatcher" daemon [_thread_blocked, id=9512, stack(0x0000000056770000,0x0000000056870000)]
  0x0000000054d65800 JavaThread "Finalizer" daemon [_thread_blocked, id=10044, stack(0x0000000056220000,0x0000000056320000)]
  0x0000000054d5a000 JavaThread "Reference Handler" daemon [_thread_blocked, id=7288, stack(0x0000000055fe0000,0x00000000560e0000)]
  0x00000000021af000 JavaThread "main" [_thread_blocked, id=8032, stack(0x0000000002450000,0x0000000002550000)]

Other Threads:
  0x0000000054d56800 VMThread [stack: 0x0000000055d90000,0x0000000055e90000] [id=7832]
  0x00000000563b8000 WatcherThread [stack: 0x00000000570b0000,0x00000000571b0000] [id=3168]

VM state:not at safepoint (normal execution)

VM Mutex/Monitor currently owned by a thread: None

Heap:
 PSYoungGen      total 115200K, used 15109K [0x00000000eab00000, 0x00000000f2980000, 0x0000000100000000)
  eden space 105472K, 8% used [0x00000000eab00000,0x00000000eb38e568,0x00000000f1200000)
  from space 9728K, 65% used [0x00000000f1c00000,0x00000000f2233220,0x00000000f2580000)
  to   space 10240K, 0% used [0x00000000f1200000,0x00000000f1200000,0x00000000f1c00000)
 ParOldGen       total 51200K, used 33296K [0x00000000c0000000, 0x00000000c3200000, 0x00000000eab00000)
  object space 51200K, 65% used [0x00000000c0000000,0x00000000c2084370,0x00000000c3200000)
 Metaspace       used 53303K, capacity 56116K, committed 56320K, reserved 1097728K
  class space    used 7243K, capacity 7671K, committed 7680K, reserved 1048576K

Card table byte_map: [0x0000000011910000,0x0000000011b20000] byte_map_base: 0x0000000011310000

Marking Bits: (ParMarkBitMap*) 0x000000005b6912b0
 Begin Bits: [0x00000000121d0000, 0x00000000131d0000)
 End Bits:   [0x00000000131d0000, 0x00000000141d0000)

Polling page: 0x0000000000120000

CodeCache: size=245760Kb used=39145Kb max_used=39145Kb free=206614Kb
 bounds [0x0000000002550000, 0x0000000004bc0000, 0x0000000011550000]
 total_blobs=11588 nmethods=10870 adapters=630
 compilation: enabled

Compilation events (10 events):
Event: 4405.509 Thread 0x0000000056343800 13077  s!   3       com.sun.org.apache.xerces.internal.jaxp.SAXParserImpl$JAXPSAXParser::setFeature (129 bytes)
Event: 4405.510 Thread 0x0000000056343800 nmethod 13077 0x0000000004bb5750 code [0x0000000004bb5960, 0x0000000004bb63e8]
Event: 4405.510 Thread 0x0000000056343800 13078       3       com.sun.org.apache.xerces.internal.parsers.AbstractSAXParser::setContentHandler (6 bytes)
Event: 4405.510 Thread 0x0000000056343800 nmethod 13078 0x00000000026b9a50 code [0x00000000026b9ba0, 0x00000000026b9d10]
Event: 4405.510 Thread 0x0000000056343800 13079   !   3       com.sun.org.apache.xerces.internal.parsers.AbstractSAXParser::setErrorHandler (59 bytes)
Event: 4405.510 Thread 0x0000000056343800 nmethod 13079 0x0000000004bb67d0 code [0x0000000004bb69a0, 0x0000000004bb71f8]
Event: 4405.510 Thread 0x0000000056343800 13080       3       com.sun.org.apache.xerces.internal.jaxp.SAXParserImpl$JAXPSAXParser::parse (57 bytes)
Event: 4405.511 Thread 0x0000000056343800 nmethod 13080 0x0000000004bb7550 code [0x0000000004bb7720, 0x0000000004bb7e68]
Event: 4405.581 Thread 0x0000000056343800 13081       3       com.sun.org.apache.xerces.internal.impl.xpath.regex.RegularExpression$StringTarget::regionMatches (45 bytes)
Event: 4405.581 Thread 0x0000000056343800 nmethod 13081 0x0000000004bb8210 code [0x0000000004bb83a0, 0x0000000004bb8718]

GC Heap History (10 events):
Event: 1223.931 GC heap before
{Heap before GC invocations=63 (full 10):
 PSYoungGen      total 120832K, used 98494K [0x00000000eab00000, 0x00000000f2d00000, 0x0000000100000000)
  eden space 109568K, 84% used [0x00000000eab00000,0x00000000f052d108,0x00000000f1600000)
  from space 11264K, 54% used [0x00000000f2200000,0x00000000f28029b0,0x00000000f2d00000)
  to   space 11776K, 0% used [0x00000000f1600000,0x00000000f1600000,0x00000000f2180000)
 ParOldGen       total 51200K, used 36947K [0x00000000c0000000, 0x00000000c3200000, 0x00000000eab00000)
  object space 51200K, 72% used [0x00000000c0000000,0x00000000c2414da0,0x00000000c3200000)
 Metaspace       used 52751K, capacity 55032K, committed 55168K, reserved 1097728K
  class space    used 7155K, capacity 7525K, committed 7552K, reserved 1048576K
Event: 1223.947 GC heap after
Heap after GC invocations=63 (full 10):
 PSYoungGen      total 114688K, used 4753K [0x00000000eab00000, 0x00000000f2c00000, 0x0000000100000000)
  eden space 109568K, 0% used [0x00000000eab00000,0x00000000eab00000,0x00000000f1600000)
  from space 5120K, 92% used [0x00000000f1600000,0x00000000f1aa4658,0x00000000f1b00000)
  to   space 11264K, 0% used [0x00000000f2100000,0x00000000f2100000,0x00000000f2c00000)
 ParOldGen       total 51200K, used 36955K [0x00000000c0000000, 0x00000000c3200000, 0x00000000eab00000)
  object space 51200K, 72% used [0x00000000c0000000,0x00000000c2416da0,0x00000000c3200000)
 Metaspace       used 52751K, capacity 55032K, committed 55168K, reserved 1097728K
  class space    used 7155K, capacity 7525K, committed 7552K, reserved 1048576K
}
Event: 1223.947 GC heap before
{Heap before GC invocations=64 (full 11):
 PSYoungGen      total 114688K, used 4753K [0x00000000eab00000, 0x00000000f2c00000, 0x0000000100000000)
  eden space 109568K, 0% used [0x00000000eab00000,0x00000000eab00000,0x00000000f1600000)
  from space 5120K, 92% used [0x00000000f1600000,0x00000000f1aa4658,0x00000000f1b00000)
  to   space 11264K, 0% used [0x00000000f2100000,0x00000000f2100000,0x00000000f2c00000)
 ParOldGen       total 51200K, used 36955K [0x00000000c0000000, 0x00000000c3200000, 0x00000000eab00000)
  object space 51200K, 72% used [0x00000000c0000000,0x00000000c2416da0,0x00000000c3200000)
 Metaspace       used 52751K, capacity 55032K, committed 55168K, reserved 1097728K
  class space    used 7155K, capacity 7525K, committed 7552K, reserved 1048576K
Event: 1224.263 GC heap after
Heap after GC invocations=64 (full 11):
 PSYoungGen      total 114688K, used 0K [0x00000000eab00000, 0x00000000f2c00000, 0x0000000100000000)
  eden space 109568K, 0% used [0x00000000eab00000,0x00000000eab00000,0x00000000f1600000)
  from space 5120K, 0% used [0x00000000f1600000,0x00000000f1600000,0x00000000f1b00000)
  to   space 11264K, 0% used [0x00000000f2100000,0x00000000f2100000,0x00000000f2c00000)
 ParOldGen       total 51200K, used 33280K [0x00000000c0000000, 0x00000000c3200000, 0x00000000eab00000)
  object space 51200K, 65% used [0x00000000c0000000,0x00000000c2080370,0x00000000c3200000)
 Metaspace       used 52672K, capacity 54906K, committed 55168K, reserved 1097728K
  class space    used 7143K, capacity 7504K, committed 7552K, reserved 1048576K
}
Event: 1319.174 GC heap before
{Heap before GC invocations=65 (full 11):
 PSYoungGen      total 114688K, used 109568K [0x00000000eab00000, 0x00000000f2c00000, 0x0000000100000000)
  eden space 109568K, 100% used [0x00000000eab00000,0x00000000f1600000,0x00000000f1600000)
  from space 5120K, 0% used [0x00000000f1600000,0x00000000f1600000,0x00000000f1b00000)
  to   space 11264K, 0% used [0x00000000f2100000,0x00000000f2100000,0x00000000f2c00000)
 ParOldGen       total 51200K, used 33280K [0x00000000c0000000, 0x00000000c3200000, 0x00000000eab00000)
  object space 51200K, 65% used [0x00000000c0000000,0x00000000c2080370,0x00000000c3200000)
 Metaspace       used 52840K, capacity 55238K, committed 55424K, reserved 1097728K
  class space    used 7168K, capacity 7542K, committed 7552K, reserved 1048576K
Event: 1319.282 GC heap after
Heap after GC invocations=65 (full 11):
 PSYoungGen      total 121344K, used 5823K [0x00000000eab00000, 0x00000000f2d80000, 0x0000000100000000)
  eden space 110080K, 0% used [0x00000000eab00000,0x00000000eab00000,0x00000000f1680000)
  from space 11264K, 51% used [0x00000000f2100000,0x00000000f26afda8,0x00000000f2c00000)
  to   space 10752K, 0% used [0x00000000f1680000,0x00000000f1680000,0x00000000f2100000)
 ParOldGen       total 51200K, used 33288K [0x00000000c0000000, 0x00000000c3200000, 0x00000000eab00000)
  object space 51200K, 65% used [0x00000000c0000000,0x00000000c2082370,0x00000000c3200000)
 Metaspace       used 52840K, capacity 55238K, committed 55424K, reserved 1097728K
  class space    used 7168K, capacity 7542K, committed 7552K, reserved 1048576K
}
Event: 4404.405 GC heap before
{Heap before GC invocations=66 (full 11):
 PSYoungGen      total 121344K, used 115903K [0x00000000eab00000, 0x00000000f2d80000, 0x0000000100000000)
  eden space 110080K, 100% used [0x00000000eab00000,0x00000000f1680000,0x00000000f1680000)
  from space 11264K, 51% used [0x00000000f2100000,0x00000000f26afda8,0x00000000f2c00000)
  to   space 10752K, 0% used [0x00000000f1680000,0x00000000f1680000,0x00000000f2100000)
 ParOldGen       total 51200K, used 33288K [0x00000000c0000000, 0x00000000c3200000, 0x00000000eab00000)
  object space 51200K, 65% used [0x00000000c0000000,0x00000000c2082370,0x00000000c3200000)
 Metaspace       used 53282K, capacity 56116K, committed 56320K, reserved 1097728K
  class space    used 7243K, capacity 7671K, committed 7680K, reserved 1048576K
Event: 4404.429 GC heap after
Heap after GC invocations=66 (full 11):
 PSYoungGen      total 110592K, used 5457K [0x00000000eab00000, 0x00000000f2580000, 0x0000000100000000)
  eden space 104960K, 0% used [0x00000000eab00000,0x00000000eab00000,0x00000000f1180000)
  from space 5632K, 96% used [0x00000000f1680000,0x00000000f1bd4658,0x00000000f1c00000)
  to   space 9728K, 0% used [0x00000000f1c00000,0x00000000f1c00000,0x00000000f2580000)
 ParOldGen       total 51200K, used 33296K [0x00000000c0000000, 0x00000000c3200000, 0x00000000eab00000)
  object space 51200K, 65% used [0x00000000c0000000,0x00000000c2084370,0x00000000c3200000)
 Metaspace       used 53282K, capacity 56116K, committed 56320K, reserved 1097728K
  class space    used 7243K, capacity 7671K, committed 7680K, reserved 1048576K
}
Event: 4405.522 GC heap before
{Heap before GC invocations=67 (full 11):
 PSYoungGen      total 110592K, used 110417K [0x00000000eab00000, 0x00000000f2580000, 0x0000000100000000)
  eden space 104960K, 100% used [0x00000000eab00000,0x00000000f1180000,0x00000000f1180000)
  from space 5632K, 96% used [0x00000000f1680000,0x00000000f1bd4658,0x00000000f1c00000)
  to   space 9728K, 0% used [0x00000000f1c00000,0x00000000f1c00000,0x00000000f2580000)
 ParOldGen       total 51200K, used 33296K [0x00000000c0000000, 0x00000000c3200000, 0x00000000eab00000)
  object space 51200K, 65% used [0x00000000c0000000,0x00000000c2084370,0x00000000c3200000)
 Metaspace       used 53303K, capacity 56116K, committed 56320K, reserved 1097728K
  class space    used 7243K, capacity 7671K, committed 7680K, reserved 1048576K
Event: 4405.567 GC heap after
Heap after GC invocations=67 (full 11):
 PSYoungGen      total 115200K, used 6348K [0x00000000eab00000, 0x00000000f2980000, 0x0000000100000000)
  eden space 105472K, 0% used [0x00000000eab00000,0x00000000eab00000,0x00000000f1200000)
  from space 9728K, 65% used [0x00000000f1c00000,0x00000000f2233220,0x00000000f2580000)
  to   space 10240K, 0% used [0x00000000f1200000,0x00000000f1200000,0x00000000f1c00000)
 ParOldGen       total 51200K, used 33296K [0x00000000c0000000, 0x00000000c3200000, 0x00000000eab00000)
  object space 51200K, 65% used [0x00000000c0000000,0x00000000c2084370,0x00000000c3200000)
 Metaspace       used 53303K, capacity 56116K, committed 56320K, reserved 1097728K
  class space    used 7243K, capacity 7671K, committed 7680K, reserved 1048576K
}

Deoptimization events (10 events):
Event: 1323.792 Thread 0x000000005a6d3800 Uncommon trap: reason=bimorphic action=maybe_recompile pc=0x0000000003d165e4 method=java.io.DataOutputStream.writeBytes(Ljava/lang/String;)V @ 22
Event: 4404.954 Thread 0x000000005a6d4800 Uncommon trap: reason=predicate action=maybe_recompile pc=0x0000000004b889e0 method=java.util.LinkedList.toArray([Ljava/lang/Object;)[Ljava/lang/Object; @ 45
Event: 4404.964 Thread 0x000000005a6d4800 Uncommon trap: reason=class_check action=maybe_recompile pc=0x0000000004b261b0 method=com.sun.org.apache.xerces.internal.parsers.AbstractSAXParser$AttributesProxy.getLocalName(I)Ljava/lang/String; @ 5
Event: 4404.967 Thread 0x000000005a6d4800 Uncommon trap: reason=class_check action=maybe_recompile pc=0x0000000004b261b0 method=com.sun.org.apache.xerces.internal.parsers.AbstractSAXParser$AttributesProxy.getLocalName(I)Ljava/lang/String; @ 5
Event: 4404.967 Thread 0x000000005a6d4800 Uncommon trap: reason=class_check action=maybe_recompile pc=0x0000000004b261b0 method=com.sun.org.apache.xerces.internal.parsers.AbstractSAXParser$AttributesProxy.getLocalName(I)Ljava/lang/String; @ 5
Event: 4404.967 Thread 0x000000005a6d4800 Uncommon trap: reason=class_check action=maybe_recompile pc=0x0000000004b261b0 method=com.sun.org.apache.xerces.internal.parsers.AbstractSAXParser$AttributesProxy.getLocalName(I)Ljava/lang/String; @ 5
Event: 4404.967 Thread 0x000000005a6d4800 Uncommon trap: reason=class_check action=maybe_recompile pc=0x0000000004b438bc method=com.sun.org.apache.xerces.internal.parsers.AbstractSAXParser.startElement(Lcom/sun/org/apache/xerces/internal/xni/QName;Lcom/sun/org/apache/xerces/internal/xni/XMLAttribudÒC­÷4±@
Event: 4404.967 Thread 0x000000005a6d4800 Uncommon trap: reason=class_check action=maybe_recompile pc=0x0000000004b438bc method=com.sun.org.apache.xerces.internal.parsers.AbstractSAXParser.startElement(Lcom/sun/org/apache/xerces/internal/xni/QName;Lcom/sun/org/apache/xerces/internal/xni/XMLAttribu-ê
´÷4±@
Event: 4404.968 Thread 0x000000005a6d4800 Uncommon trap: reason=class_check action=maybe_recompile pc=0x0000000004b438bc method=com.sun.org.apache.xerces.internal.parsers.AbstractSAXParser.startElement(Lcom/sun/org/apache/xerces/internal/xni/QName;Lcom/sun/org/apache/xerces/internal/xni/XMLAttribu A÷¶÷4±@
Event: 4404.968 Thread 0x000000005a6d4800 Uncommon trap: reason=class_check action=maybe_recompile pc=0x0000000004b438bc method=com.sun.org.apache.xerces.internal.parsers.AbstractSAXParser.startElement(Lcom/sun/org/apache/xerces/internal/xni/QName;Lcom/sun/org/apache/xerces/internal/xni/XMLAttribuZ·?J+¯”@

Internal exceptions (10 events):
Event: 4404.183 Thread 0x000000005a6d4800 Exception <a 'java/security/PrivilegedActionException'> (0x00000000f0c78fb0) thrown at [C:\re\workspace\8-2-build-windows-amd64-cygwin\jdk8u11\648\hotspot\src\share\vm\prims\jvm.cpp, line 1248]
Event: 4404.183 Thread 0x000000005a6d4800 Exception <a 'java/security/PrivilegedActionException'> (0x00000000f0c83568) thrown at [C:\re\workspace\8-2-build-windows-amd64-cygwin\jdk8u11\648\hotspot\src\share\vm\prims\jvm.cpp, line 1248]
Event: 4404.183 Thread 0x000000005a6d4800 Exception <a 'java/security/PrivilegedActionException'> (0x00000000f0c87198) thrown at [C:\re\workspace\8-2-build-windows-amd64-cygwin\jdk8u11\648\hotspot\src\share\vm\prims\jvm.cpp, line 1248]
Event: 4404.185 Thread 0x000000005a6d4800 Exception <a 'java/security/PrivilegedActionException'> (0x00000000f0c8bb10) thrown at [C:\re\workspace\8-2-build-windows-amd64-cygwin\jdk8u11\648\hotspot\src\share\vm\prims\jvm.cpp, line 1248]
Event: 4404.185 Thread 0x000000005a6d4800 Exception <a 'java/security/PrivilegedActionException'> (0x00000000f0c8cc00) thrown at [C:\re\workspace\8-2-build-windows-amd64-cygwin\jdk8u11\648\hotspot\src\share\vm\prims\jvm.cpp, line 1248]
Event: 4404.185 Thread 0x000000005a6d4800 Exception <a 'java/security/PrivilegedActionException'> (0x00000000f0c953a8) thrown at [C:\re\workspace\8-2-build-windows-amd64-cygwin\jdk8u11\648\hotspot\src\share\vm\prims\jvm.cpp, line 1248]
Event: 4404.185 Thread 0x000000005a6d4800 Exception <a 'java/security/PrivilegedActionException'> (0x00000000f0c996b8) thrown at [C:\re\workspace\8-2-build-windows-amd64-cygwin\jdk8u11\648\hotspot\src\share\vm\prims\jvm.cpp, line 1248]
Event: 4404.205 Thread 0x000000005a6d4800 Exception <a 'java/security/PrivilegedActionException'> (0x00000000f0c9e850) thrown at [C:\re\workspace\8-2-build-windows-amd64-cygwin\jdk8u11\648\hotspot\src\share\vm\prims\jvm.cpp, line 1248]
Event: 4404.206 Thread 0x000000005a6d4800 Exception <a 'java/security/PrivilegedActionException'> (0x00000000f0c9fd18) thrown at [C:\re\workspace\8-2-build-windows-amd64-cygwin\jdk8u11\648\hotspot\src\share\vm\prims\jvm.cpp, line 1248]
Event: 4404.206 Thread 0x000000005a6d4800 Exception <a 'java/security/PrivilegedActionException'> (0x00000000f0ca9540) thrown at [C:\re\workspace\8-2-build-windows-amd64-cygwin\jdk8u11\648\hotspot\src\share\vm\prims\jvm.cpp, line 1248]

Events (10 events):
Event: 4404.967 Thread 0x000000005a6d4800 DEOPT PACKING pc=0x0000000004b438bc sp=0x000000005ae8b830
Event: 4404.968 Thread 0x000000005a6d4800 DEOPT UNPACKING pc=0x00000000025955af sp=0x000000005ae8b888 mode 2
Event: 4404.968 Thread 0x000000005a6d4800 Uncommon trap: trap_request=0xffffffde fr.pc=0x0000000004b438bc
Event: 4404.968 Thread 0x000000005a6d4800 DEOPT PACKING pc=0x0000000004b438bc sp=0x000000005ae8b830
Event: 4404.968 Thread 0x000000005a6d4800 DEOPT UNPACKING pc=0x00000000025955af sp=0x000000005ae8b888 mode 2
Event: 4404.968 Thread 0x000000005a6d4800 Uncommon trap: trap_request=0xffffffde fr.pc=0x0000000004b438bc
Event: 4404.968 Thread 0x000000005a6d4800 DEOPT PACKING pc=0x0000000004b438bc sp=0x000000005ae8b830
Event: 4404.968 Thread 0x000000005a6d4800 DEOPT UNPACKING pc=0x00000000025955af sp=0x000000005ae8b888 mode 2
Event: 4405.522 Executing VM operation: ParallelGCFailedAllocation
Event: 4405.567 Executing VM operation: ParallelGCFailedAllocation done


Dynamic libraries:
0x000000013f520000 - 0x000000013f554000 	C:\Program Files\Java\jdk1.8.0_11\bin\java.exe
0x0000000077a70000 - 0x0000000077c1a000 	C:\Windows\SYSTEM32\ntdll.dll
0x0000000077950000 - 0x0000000077a6f000 	C:\Windows\system32\kernel32.dll
0x000007fefd7c0000 - 0x000007fefd82a000 	C:\Windows\system32\KERNELBASE.dll
0x000007feff3c0000 - 0x000007feff49b000 	C:\Windows\system32\ADVAPI32.dll
0x000007feff320000 - 0x000007feff3bf000 	C:\Windows\system32\msvcrt.dll
0x000007feffaf0000 - 0x000007feffb0f000 	C:\Windows\SYSTEM32\sechost.dll
0x000007fefee20000 - 0x000007fefef4d000 	C:\Windows\system32\RPCRT4.dll
0x0000000077850000 - 0x000000007794a000 	C:\Windows\system32\USER32.dll
0x000007feff060000 - 0x000007feff0c7000 	C:\Windows\system32\GDI32.dll
0x000007feff0d0000 - 0x000007feff0de000 	C:\Windows\system32\LPK.dll
0x000007fefdf50000 - 0x000007fefe01a000 	C:\Windows\system32\USP10.dll
0x000007fefc340000 - 0x000007fefc534000 	C:\Windows\WinSxS\amd64_microsoft.windows.common-controls_6595b64144ccf1df_6.0.7601.18837_none_fa3b1e3d17594757\COMCTL32.dll
0x000007feff990000 - 0x000007feffa01000 	C:\Windows\system32\SHLWAPI.dll
0x000007feffb20000 - 0x000007feffb4e000 	C:\Windows\system32\IMM32.DLL
0x000007fefef50000 - 0x000007feff059000 	C:\Windows\system32\MSCTF.dll
0x00000000751e0000 - 0x00000000752b2000 	C:\Program Files\Java\jdk1.8.0_11\jre\bin\msvcr100.dll
0x000000005aee0000 - 0x000000005b70a000 	C:\Program Files\Java\jdk1.8.0_11\jre\bin\server\jvm.dll
0x000007fef7e30000 - 0x000007fef7e39000 	C:\Windows\system32\WSOCK32.dll
0x000007fefe020000 - 0x000007fefe06d000 	C:\Windows\system32\WS2_32.dll
0x000007feffb10000 - 0x000007feffb18000 	C:\Windows\system32\NSI.dll
0x000007fefb2f0000 - 0x000007fefb32b000 	C:\Windows\system32\WINMM.dll
0x0000000077c40000 - 0x0000000077c47000 	C:\Windows\system32\PSAPI.DLL
0x0000000071cb0000 - 0x0000000071cbf000 	C:\Program Files\Java\jdk1.8.0_11\jre\bin\verify.dll
0x000000005e450000 - 0x000000005e478000 	C:\Program Files\Java\jdk1.8.0_11\jre\bin\java.dll
0x000000005f480000 - 0x000000005f496000 	C:\Program Files\Java\jdk1.8.0_11\jre\bin\zip.dll
0x000007fefe070000 - 0x000007fefedfc000 	C:\Windows\system32\SHELL32.dll
0x000007feff780000 - 0x000007feff983000 	C:\Windows\system32\ole32.dll
0x000007fefd7b0000 - 0x000007fefd7bf000 	C:\Windows\system32\profapi.dll
0x000000005e430000 - 0x000000005e44a000 	C:\Program Files\Java\jdk1.8.0_11\jre\bin\net.dll
0x000007fefcf80000 - 0x000007fefcfd5000 	C:\Windows\system32\mswsock.dll
0x000007fefcf70000 - 0x000007fefcf77000 	C:\Windows\System32\wship6.dll
0x000000005e410000 - 0x000000005e421000 	C:\Program Files\Java\jdk1.8.0_11\jre\bin\nio.dll
0x000007feecf70000 - 0x000007feecf82000 	C:\Users\03070048\.gradle\native\19\windows-amd64\native-platform.dll
0x000007fefaaa0000 - 0x000007fefaac7000 	C:\Windows\system32\IPHLPAPI.DLL
0x000007fefaa80000 - 0x000007fefaa8b000 	C:\Windows\system32\WINNSI.DLL
0x000007fefa370000 - 0x000007fefa381000 	C:\Windows\system32\dhcpcsvc6.DLL
0x000007fefa430000 - 0x000007fefa448000 	C:\Windows\system32\dhcpcsvc.DLL
0x000007fefcfe0000 - 0x000007fefcff8000 	C:\Windows\system32\CRYPTSP.dll
0x000007fefcca0000 - 0x000007fefcce7000 	C:\Windows\system32\rsaenh.dll
0x000007fefd8f0000 - 0x000007fefd90e000 	C:\Windows\system32\USERENV.dll
0x000007fefd640000 - 0x000007fefd64f000 	C:\Windows\system32\CRYPTBASE.dll
0x000007fefd5e0000 - 0x000007fefd637000 	C:\Windows\system32\apphelp.dll
0x000000005e3b0000 - 0x000000005e3bd000 	C:\Program Files\Java\jdk1.8.0_11\jre\bin\management.dll
0x000007fef4900000 - 0x000007fef4a25000 	C:\Windows\system32\dbghelp.dll

VM Arguments:
jvm_args: -XX:MaxPermSize=256m -XX:+HeapDumpOnOutOfMemoryError -Xmx1024m -Dfile.encoding=x-windows-950 -Duser.country=TW -Duser.language=zh -Duser.variant 
java_command: org.gradle.launcher.daemon.bootstrap.GradleDaemon 2.10
java_class_path (initial): C:\Users\03070048\.gradle\wrapper\dists\gradle-2.10-all\a4w5fzrkeut1ox71xslb49gst\gradle-2.10\lib\gradle-launcher-2.10.jar
Launcher Type: SUN_STANDARD

Environment Variables:
PATH=C:\ProgramData\Oracle\Java\javapath;C:\Program Files (x86)\Intel\iCLS Client\;C:\Program Files\Intel\iCLS Client\;C:\Program Files\Common Files\Microsoft Shared\Windows Live;C:\Program Files (x86)\Common Files\Microsoft Shared\Windows Live;C:\Windows\system32;C:\Windows;C:\Windows\System32\Wbem;C:\Windows\System32\WindowsPowerShell\v1.0\;C:\Program Files (x86)\Windows Live\Shared;C:\Program Files (x86)\Intel\OpenCL SDK\2.0\bin\x86;C:\Program Files (x86)\Intel\OpenCL SDK\2.0\bin\x64;C:\Program Files\Intel\Intel(R) Management Engine Components\DAL;C:\Program Files\Intel\Intel(R) Management Engine Components\IPT;C:\Program Files (x86)\Intel\Intel(R) Management Engine Components\DAL;C:\Program Files (x86)\Intel\Intel(R) Management Engine Components\IPT;C:\Program Files\Intel\WiFi\bin\;C:\Program Files\Common Files\Intel\WirelessCommon\;C:\Program Files (x86)\Git\cmd;C:\Program Files (x86)\Skype\Phone\
USERNAME=03070048
OS=Windows_NT
PROCESSOR_IDENTIFIER=Intel64 Family 6 Model 58 Stepping 9, GenuineIntel



---------------  S Y S T E M  ---------------

OS: Windows 7 , 64 bit Build 7601 Service Pack 1

CPU:total 4 (2 cores per cpu, 2 threads per core) family 6 model 58 stepping 9, cmov, cx8, fxsr, mmx, sse, sse2, sse3, ssse3, sse4.1, sse4.2, popcnt, avx, aes, clmul, erms, ht, tsc, tscinvbit

Memory: 4k page, physical 12456536k(7149600k free), swap 24911212k(18494568k free)

vm_info: Java HotSpot(TM) 64-Bit Server VM (25.11-b03) for windows-amd64 JRE (1.8.0_11-b12), built on Jun 16 2014 20:57:32 by "java_re" with MS VC++ 10.0 (VS2010)

time: Fri Sep 30 17:46:00 2016
elapsed time: 4405 seconds

